   ▲ Next.js 15.5.12
   - Local:        http://localhost:3000
   - Network:      http://192.168.0.2:3000

 ✓ Starting...
Attention: Next.js now collects completely anonymous telemetry regarding usage.
This information is used to shape Next.js' roadmap and prioritize features.
You can learn more, including how to opt-out if you'd not like to participate in this anonymous program, by visiting the following URL:
https://nextjs.org/telemetry

 ✓ Ready in 1976ms
 ○ Compiling /middleware ...
 ✓ Compiled /middleware in 1404ms (174 modules)
 ○ Compiling / ...
<w> [webpack.cache.PackFileCacheStrategy] Serializing big strings (155kiB) impacts deserialization performance (consider using Buffer instead and decode when needed)
<w> [webpack.cache.PackFileCacheStrategy] Serializing big strings (106kiB) impacts deserialization performance (consider using Buffer instead and decode when needed)
<w> [webpack.cache.PackFileCacheStrategy] Serializing big strings (250kiB) impacts deserialization performance (consider using Buffer instead and decode when needed)
 ✓ Compiled / in 43.9s (5081 modules)
[WARNING] Missing required environment variables: NEXT_PUBLIC_SUPABASE_URL, NEXT_PUBLIC_SUPABASE_ANON_KEY
[Supabase] Environment variables missing! Database features will be unavailable.
 GET / 200 in 49540ms
 GET / 200 in 227ms
 GET / 200 in 223ms
 GET / 200 in 191ms
